2025-09-14 18:23:06 - renewmart.access - INFO - logs.py:127 - GET /docs - 200 - 0.54ms
2025-09-14 18:23:06 - renewmart.access - INFO - logs.py:127 - GET /docs - 200 - 0.54ms
2025-09-14 18:23:25 - renewmart.access - INFO - logs.py:127 - GET /openapi.json - 200 - 52.52ms
2025-09-14 18:23:25 - renewmart.access - INFO - logs.py:127 - GET /openapi.json - 200 - 52.52ms
2025-09-14 18:24:00 - renewmart.access - INFO - logs.py:127 - GET /docs - 200 - 0.54ms
2025-09-14 18:24:00 - renewmart.access - INFO - logs.py:127 - GET /docs - 200 - 0.54ms
2025-09-14 18:24:01 - renewmart.access - INFO - logs.py:127 - GET /openapi.json - 200 - 1.11ms
2025-09-14 18:24:01 - renewmart.access - INFO - logs.py:127 - GET /openapi.json - 200 - 1.11ms
2025-09-14 18:24:02 - renewmart.access - INFO - logs.py:127 - GET /hybridaction/zybTrackerStatisticsAction - 404 - 0.39ms
2025-09-14 18:24:02 - renewmart.access - INFO - logs.py:127 - GET /hybridaction/zybTrackerStatisticsAction - 404 - 0.39ms
2025-09-14 18:24:02 - renewmart.access - INFO - logs.py:127 - GET /hybridaction/zybTrackerStatisticsAction - 404 - 0.60ms
2025-09-14 18:24:02 - renewmart.access - INFO - logs.py:127 - GET /hybridaction/zybTrackerStatisticsAction - 404 - 0.60ms
2025-09-14 18:24:02 - renewmart.access - INFO - logs.py:127 - GET /hybridaction/zybTrackerStatisticsAction - 404 - 0.36ms
2025-09-14 18:24:02 - renewmart.access - INFO - logs.py:127 - GET /hybridaction/zybTrackerStatisticsAction - 404 - 0.36ms
2025-09-14 18:24:03 - renewmart.access - INFO - logs.py:127 - GET /hybridaction/zybTrackerStatisticsAction - 404 - 0.72ms
2025-09-14 18:24:03 - renewmart.access - INFO - logs.py:127 - GET /hybridaction/zybTrackerStatisticsAction - 404 - 0.72ms
2025-09-14 18:24:03 - renewmart.access - INFO - logs.py:127 - GET /hybridaction/zybTrackerStatisticsAction - 404 - 0.27ms
2025-09-14 18:24:03 - renewmart.access - INFO - logs.py:127 - GET /hybridaction/zybTrackerStatisticsAction - 404 - 0.27ms
2025-09-14 18:24:03 - renewmart.access - INFO - logs.py:127 - GET /hybridaction/zybTrackerStatisticsAction - 404 - 0.47ms
2025-09-14 18:24:03 - renewmart.access - INFO - logs.py:127 - GET /hybridaction/zybTrackerStatisticsAction - 404 - 0.47ms
2025-09-14 18:24:05 - renewmart.access - INFO - logs.py:127 - GET /hybridaction/zybTrackerStatisticsAction - 404 - 0.30ms
2025-09-14 18:24:05 - renewmart.access - INFO - logs.py:127 - GET /hybridaction/zybTrackerStatisticsAction - 404 - 0.30ms
2025-09-14 18:24:06 - renewmart.access - INFO - logs.py:127 - GET /hybridaction/zybTrackerStatisticsAction - 404 - 0.29ms
2025-09-14 18:24:06 - renewmart.access - INFO - logs.py:127 - GET /hybridaction/zybTrackerStatisticsAction - 404 - 0.29ms
2025-09-14 18:24:06 - renewmart.access - INFO - logs.py:127 - GET /hybridaction/zybTrackerStatisticsAction - 404 - 0.41ms
2025-09-14 18:24:06 - renewmart.access - INFO - logs.py:127 - GET /hybridaction/zybTrackerStatisticsAction - 404 - 0.41ms
2025-09-14 18:24:06 - renewmart.access - INFO - logs.py:127 - GET /hybridaction/zybTrackerStatisticsAction - 404 - 0.31ms
2025-09-14 18:24:06 - renewmart.access - INFO - logs.py:127 - GET /hybridaction/zybTrackerStatisticsAction - 404 - 0.31ms
2025-09-14 18:24:06 - renewmart.access - INFO - logs.py:127 - GET /hybridaction/zybTrackerStatisticsAction - 404 - 0.28ms
2025-09-14 18:24:06 - renewmart.access - INFO - logs.py:127 - GET /hybridaction/zybTrackerStatisticsAction - 404 - 0.28ms
2025-09-14 18:24:06 - renewmart.access - INFO - logs.py:127 - GET /hybridaction/zybTrackerStatisticsAction - 404 - 0.26ms
2025-09-14 18:24:06 - renewmart.access - INFO - logs.py:127 - GET /hybridaction/zybTrackerStatisticsAction - 404 - 0.26ms
2025-09-14 18:24:06 - renewmart.access - INFO - logs.py:127 - GET /hybridaction/zybTrackerStatisticsAction - 404 - 0.35ms
2025-09-14 18:24:06 - renewmart.access - INFO - logs.py:127 - GET /hybridaction/zybTrackerStatisticsAction - 404 - 0.35ms
2025-09-14 18:24:06 - renewmart.access - INFO - logs.py:127 - GET /hybridaction/zybTrackerStatisticsAction - 404 - 0.27ms
2025-09-14 18:24:06 - renewmart.access - INFO - logs.py:127 - GET /hybridaction/zybTrackerStatisticsAction - 404 - 0.27ms
2025-09-14 18:24:06 - renewmart.access - INFO - logs.py:127 - GET /hybridaction/zybTrackerStatisticsAction - 404 - 0.39ms
2025-09-14 18:24:06 - renewmart.access - INFO - logs.py:127 - GET /hybridaction/zybTrackerStatisticsAction - 404 - 0.39ms
2025-09-14 18:24:06 - renewmart.access - INFO - logs.py:127 - GET /hybridaction/zybTrackerStatisticsAction - 404 - 0.45ms
2025-09-14 18:24:06 - renewmart.access - INFO - logs.py:127 - GET /hybridaction/zybTrackerStatisticsAction - 404 - 0.45ms
2025-09-14 18:24:06 - renewmart.access - INFO - logs.py:127 - GET /docs - 200 - 0.26ms
2025-09-14 18:24:06 - renewmart.access - INFO - logs.py:127 - GET /docs - 200 - 0.26ms
2025-09-14 18:24:06 - renewmart.access - INFO - logs.py:127 - GET /hybridaction/zybTrackerStatisticsAction - 404 - 0.45ms
2025-09-14 18:24:06 - renewmart.access - INFO - logs.py:127 - GET /hybridaction/zybTrackerStatisticsAction - 404 - 0.45ms
2025-09-14 18:24:06 - renewmart.access - INFO - logs.py:127 - GET /hybridaction/zybTrackerStatisticsAction - 404 - 0.25ms
2025-09-14 18:24:06 - renewmart.access - INFO - logs.py:127 - GET /hybridaction/zybTrackerStatisticsAction - 404 - 0.25ms
2025-09-14 18:24:06 - renewmart.access - INFO - logs.py:127 - GET /hybridaction/zybTrackerStatisticsAction - 404 - 0.36ms
2025-09-14 18:24:06 - renewmart.access - INFO - logs.py:127 - GET /hybridaction/zybTrackerStatisticsAction - 404 - 0.36ms
2025-09-14 18:24:07 - renewmart.access - INFO - logs.py:127 - GET /hybridaction/zybTrackerStatisticsAction - 404 - 0.32ms
2025-09-14 18:24:07 - renewmart.access - INFO - logs.py:127 - GET /hybridaction/zybTrackerStatisticsAction - 404 - 0.32ms
2025-09-14 18:24:07 - renewmart.access - INFO - logs.py:127 - GET /hybridaction/zybTrackerStatisticsAction - 404 - 0.41ms
2025-09-14 18:24:07 - renewmart.access - INFO - logs.py:127 - GET /hybridaction/zybTrackerStatisticsAction - 404 - 0.41ms
2025-09-14 18:24:07 - renewmart.access - INFO - logs.py:127 - GET /openapi.json - 200 - 0.89ms
2025-09-14 18:24:07 - renewmart.access - INFO - logs.py:127 - GET /openapi.json - 200 - 0.89ms
2025-09-14 18:24:07 - renewmart.access - INFO - logs.py:127 - GET /hybridaction/zybTrackerStatisticsAction - 404 - 0.53ms
2025-09-14 18:24:07 - renewmart.access - INFO - logs.py:127 - GET /hybridaction/zybTrackerStatisticsAction - 404 - 0.53ms
2025-09-14 18:24:07 - renewmart.access - INFO - logs.py:127 - GET /hybridaction/zybTrackerStatisticsAction - 404 - 0.26ms
2025-09-14 18:24:07 - renewmart.access - INFO - logs.py:127 - GET /hybridaction/zybTrackerStatisticsAction - 404 - 0.26ms
2025-09-14 18:24:07 - renewmart.access - INFO - logs.py:127 - GET /hybridaction/zybTrackerStatisticsAction - 404 - 0.52ms
2025-09-14 18:24:07 - renewmart.access - INFO - logs.py:127 - GET /hybridaction/zybTrackerStatisticsAction - 404 - 0.52ms
2025-09-14 18:24:08 - renewmart.access - INFO - logs.py:127 - GET /hybridaction/zybTrackerStatisticsAction - 404 - 0.51ms
2025-09-14 18:24:08 - renewmart.access - INFO - logs.py:127 - GET /hybridaction/zybTrackerStatisticsAction - 404 - 0.51ms
2025-09-14 18:24:09 - renewmart.access - INFO - logs.py:127 - GET /hybridaction/zybTrackerStatisticsAction - 404 - 0.49ms
2025-09-14 18:24:09 - renewmart.access - INFO - logs.py:127 - GET /hybridaction/zybTrackerStatisticsAction - 404 - 0.49ms
2025-09-14 18:24:09 - renewmart.access - INFO - logs.py:127 - GET /hybridaction/zybTrackerStatisticsAction - 404 - 0.30ms
2025-09-14 18:24:09 - renewmart.access - INFO - logs.py:127 - GET /hybridaction/zybTrackerStatisticsAction - 404 - 0.30ms
2025-09-14 18:24:09 - renewmart.access - INFO - logs.py:127 - GET /hybridaction/zybTrackerStatisticsAction - 404 - 0.29ms
2025-09-14 18:24:09 - renewmart.access - INFO - logs.py:127 - GET /hybridaction/zybTrackerStatisticsAction - 404 - 0.29ms
2025-09-14 18:24:09 - renewmart.access - INFO - logs.py:127 - GET /hybridaction/zybTrackerStatisticsAction - 404 - 0.43ms
2025-09-14 18:24:09 - renewmart.access - INFO - logs.py:127 - GET /hybridaction/zybTrackerStatisticsAction - 404 - 0.43ms
2025-09-14 18:24:09 - renewmart.access - INFO - logs.py:127 - GET /hybridaction/zybTrackerStatisticsAction - 404 - 0.27ms
2025-09-14 18:24:09 - renewmart.access - INFO - logs.py:127 - GET /hybridaction/zybTrackerStatisticsAction - 404 - 0.27ms
2025-09-14 18:24:11 - renewmart.access - INFO - logs.py:127 - GET /hybridaction/zybTrackerStatisticsAction - 404 - 0.55ms
2025-09-14 18:24:11 - renewmart.access - INFO - logs.py:127 - GET /hybridaction/zybTrackerStatisticsAction - 404 - 0.55ms
2025-09-14 18:24:11 - renewmart.access - INFO - logs.py:127 - GET /hybridaction/zybTrackerStatisticsAction - 404 - 0.38ms
2025-09-14 18:24:11 - renewmart.access - INFO - logs.py:127 - GET /hybridaction/zybTrackerStatisticsAction - 404 - 0.38ms
2025-09-14 18:24:12 - renewmart.access - INFO - logs.py:127 - GET /hybridaction/zybTrackerStatisticsAction - 404 - 0.28ms
2025-09-14 18:24:12 - renewmart.access - INFO - logs.py:127 - GET /hybridaction/zybTrackerStatisticsAction - 404 - 0.28ms
2025-09-14 18:24:12 - renewmart.access - INFO - logs.py:127 - GET /hybridaction/zybTrackerStatisticsAction - 404 - 0.37ms
2025-09-14 18:24:12 - renewmart.access - INFO - logs.py:127 - GET /hybridaction/zybTrackerStatisticsAction - 404 - 0.37ms
2025-09-14 18:24:12 - renewmart.access - INFO - logs.py:127 - GET /hybridaction/zybTrackerStatisticsAction - 404 - 0.38ms
2025-09-14 18:24:12 - renewmart.access - INFO - logs.py:127 - GET /hybridaction/zybTrackerStatisticsAction - 404 - 0.38ms
2025-09-14 18:24:12 - renewmart.access - INFO - logs.py:127 - GET /hybridaction/zybTrackerStatisticsAction - 404 - 0.51ms
2025-09-14 18:24:12 - renewmart.access - INFO - logs.py:127 - GET /hybridaction/zybTrackerStatisticsAction - 404 - 0.51ms
2025-09-14 18:24:12 - renewmart.access - INFO - logs.py:127 - GET /hybridaction/zybTrackerStatisticsAction - 404 - 0.38ms
2025-09-14 18:24:12 - renewmart.access - INFO - logs.py:127 - GET /hybridaction/zybTrackerStatisticsAction - 404 - 0.38ms
2025-09-14 18:24:12 - renewmart.access - INFO - logs.py:127 - GET /hybridaction/zybTrackerStatisticsAction - 404 - 0.25ms
2025-09-14 18:24:12 - renewmart.access - INFO - logs.py:127 - GET /hybridaction/zybTrackerStatisticsAction - 404 - 0.25ms
2025-09-14 18:24:12 - renewmart.access - INFO - logs.py:127 - GET /hybridaction/zybTrackerStatisticsAction - 404 - 0.37ms
2025-09-14 18:24:12 - renewmart.access - INFO - logs.py:127 - GET /hybridaction/zybTrackerStatisticsAction - 404 - 0.37ms
2025-09-14 18:24:12 - renewmart.access - INFO - logs.py:127 - GET /hybridaction/zybTrackerStatisticsAction - 404 - 0.49ms
2025-09-14 18:24:12 - renewmart.access - INFO - logs.py:127 - GET /hybridaction/zybTrackerStatisticsAction - 404 - 0.49ms
2025-09-14 18:24:12 - renewmart.access - INFO - logs.py:127 - GET /hybridaction/zybTrackerStatisticsAction - 404 - 0.36ms
2025-09-14 18:24:12 - renewmart.access - INFO - logs.py:127 - GET /hybridaction/zybTrackerStatisticsAction - 404 - 0.36ms
2025-09-14 18:24:12 - renewmart.access - INFO - logs.py:127 - GET /hybridaction/zybTrackerStatisticsAction - 404 - 0.77ms
2025-09-14 18:24:12 - renewmart.access - INFO - logs.py:127 - GET /hybridaction/zybTrackerStatisticsAction - 404 - 0.77ms
2025-09-14 18:24:12 - renewmart.access - INFO - logs.py:127 - GET /hybridaction/zybTrackerStatisticsAction - 404 - 0.65ms
2025-09-14 18:24:12 - renewmart.access - INFO - logs.py:127 - GET /hybridaction/zybTrackerStatisticsAction - 404 - 0.65ms
2025-09-14 18:24:12 - renewmart.access - INFO - logs.py:127 - GET /hybridaction/zybTrackerStatisticsAction - 404 - 0.26ms
2025-09-14 18:24:12 - renewmart.access - INFO - logs.py:127 - GET /hybridaction/zybTrackerStatisticsAction - 404 - 0.26ms
2025-09-14 18:24:12 - renewmart.access - INFO - logs.py:127 - GET /hybridaction/zybTrackerStatisticsAction - 404 - 0.30ms
2025-09-14 18:24:12 - renewmart.access - INFO - logs.py:127 - GET /hybridaction/zybTrackerStatisticsAction - 404 - 0.30ms
2025-09-14 18:24:13 - renewmart.access - INFO - logs.py:127 - GET /hybridaction/zybTrackerStatisticsAction - 404 - 0.52ms
2025-09-14 18:24:13 - renewmart.access - INFO - logs.py:127 - GET /hybridaction/zybTrackerStatisticsAction - 404 - 0.52ms
2025-09-14 18:24:13 - renewmart.access - INFO - logs.py:127 - GET /hybridaction/zybTrackerStatisticsAction - 404 - 0.41ms
2025-09-14 18:24:13 - renewmart.access - INFO - logs.py:127 - GET /hybridaction/zybTrackerStatisticsAction - 404 - 0.41ms
2025-09-14 18:24:13 - renewmart.access - INFO - logs.py:127 - GET /hybridaction/zybTrackerStatisticsAction - 404 - 0.27ms
2025-09-14 18:24:13 - renewmart.access - INFO - logs.py:127 - GET /hybridaction/zybTrackerStatisticsAction - 404 - 0.27ms
2025-09-14 18:25:19 - renewmart.access - INFO - logs.py:127 - POST /api/users/register - 201 - 839.86ms
2025-09-14 18:25:19 - renewmart.access - INFO - logs.py:127 - POST /api/users/register - 201 - 839.86ms
2025-09-14 18:34:48 - renewmart.access - INFO - logs.py:127 - GET /api/logs/ - 401 - 15.86ms
